2023-03-19 02:57:36.923 [main] INFO  org.example.Calculator - [FACTORIAL] - 5
2023-03-19 02:57:36.926 [main] INFO  org.example.Calculator - [RESULT - FACTORIAL] - 120
2023-03-19 02:57:36.927 [main] INFO  org.example.Calculator - [FACTORIAL] - 4
2023-03-19 02:57:36.928 [main] INFO  org.example.Calculator - [RESULT - FACTORIAL] - 24
2023-03-19 02:57:36.931 [main] INFO  org.example.Calculator - [ROOT] - 25.0
2023-03-19 02:57:36.932 [main] INFO  org.example.Calculator - [RESULT - ROOT] - 5.0
2023-03-19 02:57:36.933 [main] INFO  org.example.Calculator - [ROOT] - 36.0
2023-03-19 02:57:36.933 [main] INFO  org.example.Calculator - [RESULT - ROOT] - 6.0
2023-03-20 18:25:01.511 [main] INFO  org.example.Calculator - [FACTORIAL] - 5
2023-03-20 18:25:01.514 [main] INFO  org.example.Calculator - [RESULT - FACTORIAL] - 120
2023-03-20 18:25:01.516 [main] INFO  org.example.Calculator - [FACTORIAL] - 4
2023-03-20 18:25:01.516 [main] INFO  org.example.Calculator - [RESULT - FACTORIAL] - 24
2023-03-20 18:25:01.521 [main] INFO  org.example.Calculator - [ROOT] - 25.0
2023-03-20 18:25:01.521 [main] INFO  org.example.Calculator - [RESULT - ROOT] - 5.0
2023-03-20 18:25:01.522 [main] INFO  org.example.Calculator - [ROOT] - 36.0
2023-03-20 18:25:01.522 [main] INFO  org.example.Calculator - [RESULT - ROOT] - 6.0
2023-03-20 18:25:01.523 [main] INFO  org.example.Calculator - [LOG] - 1.0
2023-03-20 18:25:01.524 [main] INFO  org.example.Calculator - [RESULT - LOG] - 0.0
2023-03-20 18:25:01.525 [main] INFO  org.example.Calculator - [LOG] - 1.0
2023-03-20 18:25:01.525 [main] INFO  org.example.Calculator - [RESULT - LOG] - 0.0
2023-03-20 18:25:01.533 [main] INFO  org.example.Calculator - [POW] - 2.0-3.0
2023-03-20 18:25:01.534 [main] INFO  org.example.Calculator - [RESULT - POW] - 8.0
2023-03-20 18:25:01.535 [main] INFO  org.example.Calculator - [POW] - 2.0-3.0
2023-03-20 18:25:01.535 [main] INFO  org.example.Calculator - [RESULT - POW] - 8.0
2023-03-20 19:02:03.016 [main] INFO  org.example.Calculator - [FACTORIAL] - 5
2023-03-20 19:02:03.020 [main] INFO  org.example.Calculator - [RESULT - FACTORIAL] - 120
2023-03-20 19:02:03.022 [main] INFO  org.example.Calculator - [FACTORIAL] - 4
2023-03-20 19:02:03.022 [main] INFO  org.example.Calculator - [RESULT - FACTORIAL] - 24
2023-03-20 19:02:03.025 [main] INFO  org.example.Calculator - [ROOT] - 25.0
2023-03-20 19:02:03.026 [main] INFO  org.example.Calculator - [RESULT - ROOT] - 5.0
2023-03-20 19:02:03.027 [main] INFO  org.example.Calculator - [ROOT] - 36.0
2023-03-20 19:02:03.027 [main] INFO  org.example.Calculator - [RESULT - ROOT] - 6.0
2023-03-20 19:02:03.028 [main] INFO  org.example.Calculator - [LOG] - 1.0
2023-03-20 19:02:03.028 [main] INFO  org.example.Calculator - [RESULT - LOG] - 0.0
2023-03-20 19:02:03.029 [main] INFO  org.example.Calculator - [LOG] - 1.0
2023-03-20 19:02:03.030 [main] INFO  org.example.Calculator - [RESULT - LOG] - 0.0
2023-03-20 19:02:03.037 [main] INFO  org.example.Calculator - [POW] - 2.0-3.0
2023-03-20 19:02:03.038 [main] INFO  org.example.Calculator - [RESULT - POW] - 8.0
2023-03-20 19:02:03.038 [main] INFO  org.example.Calculator - [POW] - 2.0-3.0
2023-03-20 19:02:03.039 [main] INFO  org.example.Calculator - [RESULT - POW] - 8.0
